[0.785s] DEBUG:colcon:Command line arguments: ['/usr/bin/colcon', 'build']
[0.785s] DEBUG:colcon:Parsed command line arguments: Namespace(log_base=None, log_level=None, verb_name='build', build_base='build', install_base='install', merge_install=False, symlink_install=False, test_result_base=None, continue_on_error=False, executor='parallel', parallel_workers=8, event_handlers=None, ignore_user_meta=False, metas=['./colcon.meta'], base_paths=['.'], packages_ignore=None, packages_ignore_regex=None, paths=None, packages_up_to=None, packages_up_to_regex=None, packages_above=None, packages_above_and_dependencies=None, packages_above_depth=None, packages_select_by_dep=None, packages_skip_by_dep=None, packages_skip_up_to=None, packages_select_build_failed=False, packages_skip_build_finished=False, packages_select_test_failures=False, packages_skip_test_passed=False, packages_select=None, packages_skip=None, packages_select_regex=None, packages_skip_regex=None, packages_start=None, packages_end=None, cmake_args=None, cmake_target=None, cmake_target_skip_unavailable=False, cmake_clean_cache=False, cmake_clean_first=False, cmake_force_configure=False, ament_cmake_args=None, catkin_cmake_args=None, catkin_skip_building_tests=False, mixin_files=None, mixin=None, verb_parser=<colcon_mixin.mixin.mixin_argument.MixinArgumentDecorator object at 0x7d0699121a50>, verb_extension=<colcon_core.verb.build.BuildVerb object at 0x7d069922e830>, main=<bound method BuildVerb.main of <colcon_core.verb.build.BuildVerb object at 0x7d069922e830>>, mixin_verb=('build',))
[1.248s] Level 1:colcon.colcon_core.package_discovery:discover_packages(colcon_meta) check parameters
[1.250s] INFO:colcon.colcon_metadata.package_discovery.colcon_meta:Using configuration from '/root/.colcon/metadata/default/Gazebo.meta'
[1.251s] INFO:colcon.colcon_metadata.package_discovery.colcon_meta:Using configuration from '/root/.colcon/metadata/default/fastdds.meta'
[1.253s] INFO:colcon.colcon_metadata.package_discovery.colcon_meta:Using configuration from '/root/.colcon/metadata/default/fastrtps.meta'
[1.253s] Level 1:colcon.colcon_core.package_discovery:discover_packages(recursive) check parameters
[1.253s] Level 1:colcon.colcon_core.package_discovery:discover_packages(ignore) check parameters
[1.253s] Level 1:colcon.colcon_core.package_discovery:discover_packages(path) check parameters
[1.253s] Level 1:colcon.colcon_core.package_discovery:discover_packages(colcon_meta) discover
[1.253s] Level 1:colcon.colcon_core.package_discovery:discover_packages(recursive) discover
[1.253s] INFO:colcon.colcon_core.package_discovery:Crawling recursively for packages in '/src'
[1.253s] Level 1:colcon.colcon_core.package_identification:_identify(.) by extensions ['ignore', 'ignore_ament_install']
[1.253s] Level 1:colcon.colcon_core.package_identification:_identify(.) by extension 'ignore'
[1.254s] Level 1:colcon.colcon_core.package_identification:_identify(.) by extension 'ignore_ament_install'
[1.254s] Level 1:colcon.colcon_core.package_identification:_identify(.) by extensions ['colcon_pkg']
[1.254s] Level 1:colcon.colcon_core.package_identification:_identify(.) by extension 'colcon_pkg'
[1.254s] Level 1:colcon.colcon_core.package_identification:_identify(.) by extensions ['colcon_meta']
[1.254s] Level 1:colcon.colcon_core.package_identification:_identify(.) by extension 'colcon_meta'
[1.254s] Level 1:colcon.colcon_core.package_identification:_identify(.) by extensions ['ros']
[1.254s] Level 1:colcon.colcon_core.package_identification:_identify(.) by extension 'ros'
[1.283s] Level 1:colcon.colcon_core.package_identification:_identify(.) by extensions ['cmake', 'python']
[1.283s] Level 1:colcon.colcon_core.package_identification:_identify(.) by extension 'cmake'
[1.283s] Level 1:colcon.colcon_core.package_identification:_identify(.) by extension 'python'
[1.283s] Level 1:colcon.colcon_core.package_identification:_identify(.) by extensions ['python_setup_py']
[1.283s] Level 1:colcon.colcon_core.package_identification:_identify(.) by extension 'python_setup_py'
[1.284s] Level 1:colcon.colcon_core.package_identification:_identify(build) by extensions ['ignore', 'ignore_ament_install']
[1.284s] Level 1:colcon.colcon_core.package_identification:_identify(build) by extension 'ignore'
[1.284s] Level 1:colcon.colcon_core.package_identification:_identify(build) ignored
[1.284s] Level 1:colcon.colcon_core.package_identification:_identify(example-submission) by extensions ['ignore', 'ignore_ament_install']
[1.285s] Level 1:colcon.colcon_core.package_identification:_identify(example-submission) by extension 'ignore'
[1.285s] Level 1:colcon.colcon_core.package_identification:_identify(example-submission) by extension 'ignore_ament_install'
[1.286s] Level 1:colcon.colcon_core.package_identification:_identify(example-submission) by extensions ['colcon_pkg']
[1.286s] Level 1:colcon.colcon_core.package_identification:_identify(example-submission) by extension 'colcon_pkg'
[1.286s] Level 1:colcon.colcon_core.package_identification:_identify(example-submission) by extensions ['colcon_meta']
[1.286s] Level 1:colcon.colcon_core.package_identification:_identify(example-submission) by extension 'colcon_meta'
[1.286s] Level 1:colcon.colcon_core.package_identification:_identify(example-submission) by extensions ['ros']
[1.286s] Level 1:colcon.colcon_core.package_identification:_identify(example-submission) by extension 'ros'
[1.286s] Level 1:colcon.colcon_core.package_identification:_identify(example-submission) by extensions ['cmake', 'python']
[1.286s] Level 1:colcon.colcon_core.package_identification:_identify(example-submission) by extension 'cmake'
[1.287s] Level 1:colcon.colcon_core.package_identification:_identify(example-submission) by extension 'python'
[1.287s] Level 1:colcon.colcon_core.package_identification:_identify(example-submission) by extensions ['python_setup_py']
[1.287s] Level 1:colcon.colcon_core.package_identification:_identify(example-submission) by extension 'python_setup_py'
[1.289s] Level 1:colcon.colcon_core.package_identification:_identify(example-submission/turtle_draw) by extensions ['ignore', 'ignore_ament_install']
[1.290s] Level 1:colcon.colcon_core.package_identification:_identify(example-submission/turtle_draw) by extension 'ignore'
[1.290s] Level 1:colcon.colcon_core.package_identification:_identify(example-submission/turtle_draw) by extension 'ignore_ament_install'
[1.291s] Level 1:colcon.colcon_core.package_identification:_identify(example-submission/turtle_draw) by extensions ['colcon_pkg']
[1.291s] Level 1:colcon.colcon_core.package_identification:_identify(example-submission/turtle_draw) by extension 'colcon_pkg'
[1.292s] Level 1:colcon.colcon_core.package_identification:_identify(example-submission/turtle_draw) by extensions ['colcon_meta']
[1.292s] Level 1:colcon.colcon_core.package_identification:_identify(example-submission/turtle_draw) by extension 'colcon_meta'
[1.292s] Level 1:colcon.colcon_core.package_identification:_identify(example-submission/turtle_draw) by extensions ['ros']
[1.292s] Level 1:colcon.colcon_core.package_identification:_identify(example-submission/turtle_draw) by extension 'ros'
[1.311s] DEBUG:colcon.colcon_core.package_identification:Package 'example-submission/turtle_draw' with type 'ros.ament_python' and name 'turtle_draw'
[1.311s] Level 1:colcon.colcon_core.package_identification:_identify(install) by extensions ['ignore', 'ignore_ament_install']
[1.311s] Level 1:colcon.colcon_core.package_identification:_identify(install) by extension 'ignore'
[1.311s] Level 1:colcon.colcon_core.package_identification:_identify(install) ignored
[1.312s] Level 1:colcon.colcon_core.package_identification:_identify(log) by extensions ['ignore', 'ignore_ament_install']
[1.312s] Level 1:colcon.colcon_core.package_identification:_identify(log) by extension 'ignore'
[1.312s] Level 1:colcon.colcon_core.package_identification:_identify(log) ignored
[1.313s] Level 1:colcon.colcon_core.package_identification:_identify(task1) by extensions ['ignore', 'ignore_ament_install']
[1.313s] Level 1:colcon.colcon_core.package_identification:_identify(task1) by extension 'ignore'
[1.313s] Level 1:colcon.colcon_core.package_identification:_identify(task1) by extension 'ignore_ament_install'
[1.314s] Level 1:colcon.colcon_core.package_identification:_identify(task1) by extensions ['colcon_pkg']
[1.314s] Level 1:colcon.colcon_core.package_identification:_identify(task1) by extension 'colcon_pkg'
[1.314s] Level 1:colcon.colcon_core.package_identification:_identify(task1) by extensions ['colcon_meta']
[1.314s] Level 1:colcon.colcon_core.package_identification:_identify(task1) by extension 'colcon_meta'
[1.314s] Level 1:colcon.colcon_core.package_identification:_identify(task1) by extensions ['ros']
[1.314s] Level 1:colcon.colcon_core.package_identification:_identify(task1) by extension 'ros'
[1.315s] Level 1:colcon.colcon_core.package_identification:_identify(task1) by extensions ['cmake', 'python']
[1.315s] Level 1:colcon.colcon_core.package_identification:_identify(task1) by extension 'cmake'
[1.316s] Level 1:colcon.colcon_core.package_identification:_identify(task1) by extension 'python'
[1.316s] Level 1:colcon.colcon_core.package_identification:_identify(task1) by extensions ['python_setup_py']
[1.316s] Level 1:colcon.colcon_core.package_identification:_identify(task1) by extension 'python_setup_py'
[1.317s] Level 1:colcon.colcon_core.package_identification:_identify(task2) by extensions ['ignore', 'ignore_ament_install']
[1.317s] Level 1:colcon.colcon_core.package_identification:_identify(task2) by extension 'ignore'
[1.317s] Level 1:colcon.colcon_core.package_identification:_identify(task2) by extension 'ignore_ament_install'
[1.317s] Level 1:colcon.colcon_core.package_identification:_identify(task2) by extensions ['colcon_pkg']
[1.317s] Level 1:colcon.colcon_core.package_identification:_identify(task2) by extension 'colcon_pkg'
[1.317s] Level 1:colcon.colcon_core.package_identification:_identify(task2) by extensions ['colcon_meta']
[1.317s] Level 1:colcon.colcon_core.package_identification:_identify(task2) by extension 'colcon_meta'
[1.317s] Level 1:colcon.colcon_core.package_identification:_identify(task2) by extensions ['ros']
[1.317s] Level 1:colcon.colcon_core.package_identification:_identify(task2) by extension 'ros'
[1.317s] Level 1:colcon.colcon_core.package_identification:_identify(task2) by extensions ['cmake', 'python']
[1.317s] Level 1:colcon.colcon_core.package_identification:_identify(task2) by extension 'cmake'
[1.317s] Level 1:colcon.colcon_core.package_identification:_identify(task2) by extension 'python'
[1.317s] Level 1:colcon.colcon_core.package_identification:_identify(task2) by extensions ['python_setup_py']
[1.317s] Level 1:colcon.colcon_core.package_identification:_identify(task2) by extension 'python_setup_py'
[1.318s] Level 1:colcon.colcon_core.package_identification:_identify(task2/build) by extensions ['ignore', 'ignore_ament_install']
[1.318s] Level 1:colcon.colcon_core.package_identification:_identify(task2/build) by extension 'ignore'
[1.319s] Level 1:colcon.colcon_core.package_identification:_identify(task2/build) ignored
[1.320s] Level 1:colcon.colcon_core.package_identification:_identify(task2/install) by extensions ['ignore', 'ignore_ament_install']
[1.320s] Level 1:colcon.colcon_core.package_identification:_identify(task2/install) by extension 'ignore'
[1.320s] Level 1:colcon.colcon_core.package_identification:_identify(task2/install) ignored
[1.321s] Level 1:colcon.colcon_core.package_identification:_identify(task2/log) by extensions ['ignore', 'ignore_ament_install']
[1.321s] Level 1:colcon.colcon_core.package_identification:_identify(task2/log) by extension 'ignore'
[1.321s] Level 1:colcon.colcon_core.package_identification:_identify(task2/log) ignored
[1.322s] Level 1:colcon.colcon_core.package_identification:_identify(task2/turtle_draw) by extensions ['ignore', 'ignore_ament_install']
[1.322s] Level 1:colcon.colcon_core.package_identification:_identify(task2/turtle_draw) by extension 'ignore'
[1.322s] Level 1:colcon.colcon_core.package_identification:_identify(task2/turtle_draw) by extension 'ignore_ament_install'
[1.323s] Level 1:colcon.colcon_core.package_identification:_identify(task2/turtle_draw) by extensions ['colcon_pkg']
[1.323s] Level 1:colcon.colcon_core.package_identification:_identify(task2/turtle_draw) by extension 'colcon_pkg'
[1.323s] Level 1:colcon.colcon_core.package_identification:_identify(task2/turtle_draw) by extensions ['colcon_meta']
[1.324s] Level 1:colcon.colcon_core.package_identification:_identify(task2/turtle_draw) by extension 'colcon_meta'
[1.324s] Level 1:colcon.colcon_core.package_identification:_identify(task2/turtle_draw) by extensions ['ros']
[1.324s] Level 1:colcon.colcon_core.package_identification:_identify(task2/turtle_draw) by extension 'ros'
[1.326s] DEBUG:colcon.colcon_core.package_identification:Package 'task2/turtle_draw' with type 'ros.ament_python' and name 'turtle_draw'
[1.326s] Level 1:colcon.colcon_core.package_discovery:discover_packages(recursive) using defaults
[1.327s] Level 1:colcon.colcon_core.package_discovery:discover_packages(ignore) discover
[1.327s] Level 1:colcon.colcon_core.package_discovery:discover_packages(ignore) using defaults
[1.327s] Level 1:colcon.colcon_core.package_discovery:discover_packages(path) discover
[1.327s] Level 1:colcon.colcon_core.package_discovery:discover_packages(path) using defaults
[1.385s] ERROR:colcon:colcon build: Duplicate package names not supported:
- turtle_draw:
  - example-submission/turtle_draw
  - task2/turtle_draw
